#
# There is insufficient memory for the Java Runtime Environment to continue.
# Native memory allocation (mmap) failed to map 134217728 bytes for Failed to commit area from 0x0000000081c00000 to 0x0000000089c00000 of length 134217728.
# Possible reasons:
#   The system is out of physical RAM or swap space
#   The process is running with CompressedOops enabled, and the Java Heap may be blocking the growth of the native heap
# Possible solutions:
#   Reduce memory load on the system
#   Increase physical memory or swap space
#   Check if swap backing store is full
#   Decrease Java heap size (-Xmx/-Xms)
#   Decrease number of Java threads
#   Decrease Java thread stack sizes (-Xss)
#   Set larger code cache with -XX:ReservedCodeCacheSize=
#   JVM is running with Unscaled Compressed Oops mode in which the Java heap is
#     placed in the first 4GB address space. The Java Heap base address is the
#     maximum limit for the native heap growth. Please use -XX:HeapBaseMinAddress
#     to set the Java Heap base and to place the Java Heap above 4GB virtual address.
# This output file may be truncated or incomplete.
#
#  Out of Memory Error (./open/src/hotspot/os/windows/os_windows.cpp:3315), pid=16276, tid=14524
#
# JRE version:  (14.0.1+7) (build )
# Java VM: Java HotSpot(TM) 64-Bit Server VM (14.0.1+7, mixed mode, sharing, tiered, compressed oops, g1 gc, windows-amd64)
# No core dump will be written. Minidumps are not enabled by default on client versions of Windows
#

---------------  S U M M A R Y ------------

Command Line: -XX:TieredStopAtLevel=1 -Xverify:none -Dspring.output.ansi.enabled=always -Dcom.sun.management.jmxremote -Dspring.jmx.enabled=true -Dspring.liveBeansView.mbeanDomain -Dspring.application.admin.enabled=true -javaagent:C:\Program Files\JetBrains\IntelliJ IDEA 2020.2.1\lib\idea_rt.jar=55312:C:\Program Files\JetBrains\IntelliJ IDEA 2020.2.1\bin -Dfile.encoding=UTF-8 com.db.learn_english_bot.learn_english_bot.LearnEnglishBotApplication

Host: Intel(R) Core(TM) i5-6300HQ CPU @ 2.30GHz, 4 cores, 7G,  Windows 10 , 64 bit Build 18362 (10.0.18362.1082)
Time: Wed Sep 16 18:19:22 2020 RTZ 2 (ceia) elapsed time: 0 seconds (0d 0h 0m 0s)

---------------  T H R E A D  ---------------

Current thread (0x000001c499ac5800):  JavaThread "Unknown thread" [_thread_in_vm, id=14524, stack(0x0000007778300000,0x0000007778400000)]

Stack: [0x0000007778300000,0x0000007778400000]
Native frames: (J=compiled Java code, j=interpreted, Vv=VM code, C=native code)
V  [jvm.dll+0x5f840a]
V  [jvm.dll+0x741e4a]
V  [jvm.dll+0x7435ff]
V  [jvm.dll+0x743c43]
V  [jvm.dll+0x20d288]
V  [jvm.dll+0x5f57ba]
V  [jvm.dll+0x5ea615]
V  [jvm.dll+0x2c7e9c]
V  [jvm.dll+0x2c7cd2]
V  [jvm.dll+0x2cdbbc]
V  [jvm.dll+0x313ff8]
V  [jvm.dll+0x313720]
V  [jvm.dll+0x2a092a]
V  [jvm.dll+0x2a1a79]
V  [jvm.dll+0x71f718]
V  [jvm.dll+0x321c44]
V  [jvm.dll+0x700b0c]
V  [jvm.dll+0x392dff]
V  [jvm.dll+0x394e71]
C  [jli.dll+0x523b]
C  [ucrtbase.dll+0x20e82]
C  [KERNEL32.DLL+0x17bd4]
C  [ntdll.dll+0x6ce51]


---------------  P R O C E S S  ---------------

Threads class SMR info:
_java_thread_list=0x00007ffbb50d3078, length=0, elements={
}

Java Threads: ( => current thread )

Other Threads:
  0x000001c499b07000 GCTaskThread "GC Thread#0" [stack: 0x0000007778400000,0x0000007778500000] [id=11320]
  0x000001c499b19800 ConcurrentGCThread "G1 Main Marker" [stack: 0x0000007778500000,0x0000007778600000] [id=136]
  0x000001c499b1c800 ConcurrentGCThread "G1 Conc#0" [stack: 0x0000007778600000,0x0000007778700000] [id=10732]

[error occurred during error reporting (printing all threads), id 0xc0000005, EXCEPTION_ACCESS_VIOLATION (0xc0000005) at pc=0x00007ffbb4901257]

VM state:not at safepoint (not fully initialized)

VM Mutex/Monitor currently owned by a thread:  ([mutex/lock_event])
[0x000001c499ac16f0] Heap_lock - owner thread: 0x000001c499ac5800

Heap address: 0x0000000081c00000, size: 2020 MB, Compressed Oops mode: 32-bit
Narrow klass base: 0x0000000000000000, Narrow klass shift: 0

GC Heap History (0 events):
No events

Deoptimization events (0 events):
No events

Classes unloaded (0 events):
No events

Classes redefined (0 events):
No events

Internal exceptions (0 events):
No events

Events (2 events):
Event: 0.207 Loaded shared library C:\Program Files\Java\jdk-14.0.1\bin\java.dll
Event: 0.208 Loaded shared library C:\Program Files\Java\jdk-14.0.1\bin\zip.dll


Dynamic libraries:
0x00007ff724990000 - 0x00007ff72499f000 	C:\Program Files\Java\jdk-14.0.1\bin\java.exe
0x00007ffbea100000 - 0x00007ffbea2f0000 	C:\WINDOWS\SYSTEM32\ntdll.dll
0x00007ffbe83f0000 - 0x00007ffbe84a2000 	C:\WINDOWS\System32\KERNEL32.DLL
0x00007ffbe7a80000 - 0x00007ffbe7d25000 	C:\WINDOWS\System32\KERNELBASE.dll
0x00007ffbe7980000 - 0x00007ffbe7a7a000 	C:\WINDOWS\System32\ucrtbase.dll
0x00007ffbe0180000 - 0x00007ffbe0195000 	C:\Program Files\Java\jdk-14.0.1\bin\VCRUNTIME140.dll
0x00007ffbddd10000 - 0x00007ffbddd28000 	C:\Program Files\Java\jdk-14.0.1\bin\jli.dll
0x00007ffbe8a90000 - 0x00007ffbe8b33000 	C:\WINDOWS\System32\ADVAPI32.dll
0x00007ffbe8b40000 - 0x00007ffbe8bde000 	C:\WINDOWS\System32\msvcrt.dll
0x00007ffbe81b0000 - 0x00007ffbe8247000 	C:\WINDOWS\System32\sechost.dll
0x00007ffbe9910000 - 0x00007ffbe9a30000 	C:\WINDOWS\System32\RPCRT4.dll
0x00007ffbe9e80000 - 0x00007ffbea015000 	C:\WINDOWS\System32\USER32.dll
0x00007ffbe7f00000 - 0x00007ffbe7f21000 	C:\WINDOWS\System32\win32u.dll
0x00007ffbe85f0000 - 0x00007ffbe8616000 	C:\WINDOWS\System32\GDI32.dll
0x00007ffbe7fc0000 - 0x00007ffbe8156000 	C:\WINDOWS\System32\gdi32full.dll
0x00007ffbe7e60000 - 0x00007ffbe7efe000 	C:\WINDOWS\System32\msvcp_win.dll
0x00007ffbdc4f0000 - 0x00007ffbdc774000 	C:\WINDOWS\WinSxS\amd64_microsoft.windows.common-controls_6595b64144ccf1df_6.0.18362.1082_none_9e8193e1e45b25c1\COMCTL32.dll
0x00007ffbe9b30000 - 0x00007ffbe9e65000 	C:\WINDOWS\System32\combase.dll
0x00007ffbe7d30000 - 0x00007ffbe7db0000 	C:\WINDOWS\System32\bcryptPrimitives.dll
0x00007ffbe1800000 - 0x00007ffbe180a000 	C:\WINDOWS\SYSTEM32\VERSION.dll
0x00007ffbea020000 - 0x00007ffbea04e000 	C:\WINDOWS\System32\IMM32.DLL
0x00007ffbdb660000 - 0x00007ffbdb6fb000 	C:\Program Files\Java\jdk-14.0.1\bin\msvcp140.dll
0x00007ffbb4650000 - 0x00007ffbb516e000 	C:\Program Files\Java\jdk-14.0.1\bin\server\jvm.dll
0x00007ffbea050000 - 0x00007ffbea058000 	C:\WINDOWS\System32\PSAPI.DLL
0x00007ffbdd420000 - 0x00007ffbdd429000 	C:\WINDOWS\SYSTEM32\WSOCK32.dll
0x00007ffbe8d40000 - 0x00007ffbe8daf000 	C:\WINDOWS\System32\WS2_32.dll
0x00007ffbde110000 - 0x00007ffbde134000 	C:\WINDOWS\SYSTEM32\WINMM.dll
0x00007ffbddec0000 - 0x00007ffbddeed000 	C:\WINDOWS\SYSTEM32\WINMMBASE.dll
0x00007ffbe8160000 - 0x00007ffbe81aa000 	C:\WINDOWS\System32\cfgmgr32.dll
0x00007ffbe6fd0000 - 0x00007ffbe6fe1000 	C:\WINDOWS\System32\kernel.appcore.dll
0x00007ffbe1fe0000 - 0x00007ffbe1fea000 	C:\Program Files\Java\jdk-14.0.1\bin\jimage.dll
0x00007ffbe5610000 - 0x00007ffbe5804000 	C:\WINDOWS\SYSTEM32\DBGHELP.DLL
0x00007ffbdf070000 - 0x00007ffbdf09a000 	C:\WINDOWS\SYSTEM32\dbgcore.DLL
0x00007ffbdb840000 - 0x00007ffbdb84e000 	C:\Program Files\Java\jdk-14.0.1\bin\instrument.dll
0x00007ffbdb630000 - 0x00007ffbdb655000 	C:\Program Files\Java\jdk-14.0.1\bin\java.dll
0x00007ffbdda00000 - 0x00007ffbdda16000 	C:\Program Files\Java\jdk-14.0.1\bin\zip.dll

dbghelp: loaded successfully - version: 4.0.5 - missing functions: none
symbol engine: initialized successfully - sym options: 0x614 - pdb path: .;C:\Program Files\Java\jdk-14.0.1\bin;C:\WINDOWS\SYSTEM32;C:\WINDOWS\WinSxS\amd64_microsoft.windows.common-controls_6595b64144ccf1df_6.0.18362.1082_none_9e8193e1e45b25c1;C:\Program Files\Java\jdk-14.0.1\bin\server

VM Arguments:
jvm_args: -XX:TieredStopAtLevel=1 -Xverify:none -Dspring.output.ansi.enabled=always -Dcom.sun.management.jmxremote -Dspring.jmx.enabled=true -Dspring.liveBeansView.mbeanDomain -Dspring.application.admin.enabled=true -javaagent:C:\Program Files\JetBrains\IntelliJ IDEA 2020.2.1\lib\idea_rt.jar=55312:C:\Program Files\JetBrains\IntelliJ IDEA 2020.2.1\bin -Dfile.encoding=UTF-8 
java_command: com.db.learn_english_bot.learn_english_bot.LearnEnglishBotApplication
java_class_path (initial): C:\Users\RED\IdeaProjects\learn_english_bot\target\classes;C:\Users\RED\.m2\repository\org\springframework\boot\spring-boot-starter-web\2.3.3.RELEASE\spring-boot-starter-web-2.3.3.RELEASE.jar;C:\Users\RED\.m2\repository\org\springframework\boot\spring-boot-starter\2.3.3.RELEASE\spring-boot-starter-2.3.3.RELEASE.jar;C:\Users\RED\.m2\repository\org\springframework\boot\spring-boot\2.3.3.RELEASE\spring-boot-2.3.3.RELEASE.jar;C:\Users\RED\.m2\repository\org\springframework\boot\spring-boot-autoconfigure\2.3.3.RELEASE\spring-boot-autoconfigure-2.3.3.RELEASE.jar;C:\Users\RED\.m2\repository\org\springframework\boot\spring-boot-starter-logging\2.3.3.RELEASE\spring-boot-starter-logging-2.3.3.RELEASE.jar;C:\Users\RED\.m2\repository\ch\qos\logback\logback-classic\1.2.3\logback-classic-1.2.3.jar;C:\Users\RED\.m2\repository\ch\qos\logback\logback-core\1.2.3\logback-core-1.2.3.jar;C:\Users\RED\.m2\repository\org\apache\logging\log4j\log4j-to-slf4j\2.13.3\log4j-to-slf4j-2.13.3.jar;C:\Users\RED\.m2\repository\org\apache\logging\log4j\log4j-api\2.13.3\log4j-api-2.13.3.jar;C:\Users\RED\.m2\repository\org\slf4j\jul-to-slf4j\1.7.30\jul-to-slf4j-1.7.30.jar;C:\Users\RED\.m2\repository\jakarta\annotation\jakarta.annotation-api\1.3.5\jakarta.annotation-api-1.3.5.jar;C:\Users\RED\.m2\repository\org\yaml\snakeyaml\1.26\snakeyaml-1.26.jar;C:\Users\RED\.m2\repository\org\springframework\boot\spring-boot-starter-json\2.3.3.RELEASE\spring-boot-starter-json-2.3.3.RELEASE.jar;C:\Users\RED\.m2\repository\com\fasterxml\jackson\core\jackson-databind\2.11.2\jackson-databind-2.11.2.jar;C:\Users\RED\.m2\repository\com\fasterxml\jackson\core\jackson-annotations\2.11.2\jackson-annotations-2.11.2.jar;C:\Users\RED\.m2\repository\com\fasterxml\jackson\core\jackson-core\2.11.2\jackson-core-2.11.2.jar;C:\Users\RED\.m2\repository\com\fasterxml\jackson\datatype\jackson-datatype-jdk8\2.11.2\jackson-datatype-jdk8-2.11.2.jar;C:\Users\RED\.m2\repository\com\fasterxml\jackson\datatype\jac
Launcher Type: SUN_STANDARD

[Global flags]
     intx CICompilerCount                          = 3                                         {product} {ergonomic}
     uint ConcGCThreads                            = 1                                         {product} {ergonomic}
     uint G1ConcRefinementThreads                  = 4                                         {product} {ergonomic}
   size_t G1HeapRegionSize                         = 1048576                                   {product} {ergonomic}
    uintx GCDrainStackTargetSize                   = 64                                        {product} {ergonomic}
   size_t InitialHeapSize                          = 134217728                                 {product} {ergonomic}
     bool ManagementServer                         = true                                      {product} {command line}
   size_t MarkStackSize                            = 4194304                                   {product} {ergonomic}
   size_t MaxHeapSize                              = 2118123520                                {product} {ergonomic}
   size_t MinHeapDeltaBytes                        = 1048576                                   {product} {ergonomic}
   size_t MinHeapSize                              = 8388608                                   {product} {ergonomic}
    uintx NonNMethodCodeHeapSize                   = 6973028                                {pd product} {ergonomic}
    uintx NonProfiledCodeHeapSize                  = 244685212                              {pd product} {ergonomic}
    uintx ProfiledCodeHeapSize                     = 0                                      {pd product} {ergonomic}
    uintx ReservedCodeCacheSize                    = 251658240                              {pd product} {ergonomic}
     bool SegmentedCodeCache                       = true                                      {product} {ergonomic}
   size_t SoftMaxHeapSize                          = 2118123520                             {manageable} {ergonomic}
     intx TieredStopAtLevel                        = 1                                         {product} {command line}
     bool UseCompressedClassPointers               = true                                 {lp64_product} {ergonomic}
     bool UseCompressedOops                        = true                                 {lp64_product} {ergonomic}
     bool UseG1GC                                  = true                                      {product} {ergonomic}
     bool UseLargePagesIndividualAllocation        = false                                  {pd product} {ergonomic}

Logging:
Log output configuration:
 #0: stdout all=warning uptime,level,tags
 #1: stderr all=off uptime,level,tags

Environment Variables:
JAVA_HOME=C:\Program Files\Java\jdk-14.0.1\
PATH=C:\PROGRAM FILES\NVIDIA GPU COMPUTING TOOLKIT\CUDA\V10.1\BIN;C:\PROGRAM FILES\NVIDIA GPU COMPUTING TOOLKIT\CUDA\V10.1\LIBNVVP;C:\PROGRAM FILES\MICROSOFT HPC PACK 2008 SDK\BIN\;C:\PROGRAM FILES (X86)\INTEL\INTEL(R) MANAGEMENT ENGINE COMPONENTS\ICLS\;C:\PROGRAM FILES\INTEL\INTEL(R) MANAGEMENT ENGINE COMPONENTS\ICLS\;C:\PROGRAM FILES\NVIDIA GPU COMPUTING TOOLKIT\CUDA\V9.0\BIN;C:\PROGRAM FILES\NVIDIA GPU COMPUTING TOOLKIT\CUDA\V9.0\LIBNVVP;C:\WINDOWS\SYSTEM32;C:\WINDOWS;C:\WINDOWS\SYSTEM32\WBEM;C:\WINDOWS\SYSTEM32\WINDOWSPOWERSHELL\V1.0\;C:\PROGRAM FILES\NODEJS\;C:\PROGRAMS\MKTEX\MIKTEX\BIN\X64\;C:\PROGRAM FILES\DOTNET\;C:\PROGRAMS\GPG4WIN\..\GNUPG\BIN;C:\WINDOWS\SYSTEM32\OPENSSH\;C:\USERS\RED\DOCUMENTS\LABS\PK\MODELS\RESEARCH\OBJECT_DETECTION;C:\PROGRAM FILES\INTEL\WIFI\BIN\;C:\PROGRAM FILES\COMMON FILES\INTEL\WIRELESSCOMMON\;C:\PROGRAM FILES (X86)\INTEL\INTEL(R) MANAGEMENT ENGINE COMPONENTS\DAL;C:\PROGRAM FILES\INTEL\INTEL(R) MANAGEMENT ENGINE COMPONENTS\DAL;C:\PROGRAM FILES (X86)\INTEL\INTEL(R) MANAGEMENT ENGINE COMPONENTS\IPT;C:\PROGRAM FILES\INTEL\INTEL(R) MANAGEMENT ENGINE COMPONENTS\IPT;C:\PROGRAMS\PUTTY\;C:\PROGRAM FILES\COMMON FILES\AUTODESK SHARED\;C:\PROGRAM FILES\NVIDIA CORPORATION\NSIGHT COMPUTE 2019.1\;C:\Program Files\WIDCOMM\Bluetooth Software\;C:\Program Files\WIDCOMM\Bluetooth Software\syswow64;C:\WINDOWS\system32;C:\WINDOWS;C:\WINDOWS\System32\Wbem;C:\WINDOWS\System32\WindowsPowerShell\v1.0\;C:\WINDOWS\System32\OpenSSH\;C:\Program Files (x86)\NVIDIA Corporation\PhysX\Common;C:\Program Files\Pandoc\;C:\Program Files\NVIDIA Corporation\NVIDIA NvDLISR;C:\Program Files\Git\cmd;C:\Users\RED\Anaconda3;C:\Users\RED\Anaconda3\Library\mingw-w64\bin;C:\Users\RED\Anaconda3\Library\usr\bin;C:\Users\RED\Anaconda3\Library\bin;C:\Users\RED\Anaconda3\Scripts;C:\Users\RED\AppData\Local\Programs\Python\Python36-32\Scripts\;C:\Users\RED\AppData\Local\Programs\Python\Python36-32\;C:\Users\RED\AppData\Local\Microsoft\WindowsApps;C:\Users\RED\AppData\Roaming\npm;C:\Users
USERNAME=RED
OS=Windows_NT
PROCESSOR_IDENTIFIER=Intel64 Family 6 Model 94 Stepping 3, GenuineIntel



---------------  S Y S T E M  ---------------

OS: Windows 10 , 64 bit Build 18362 (10.0.18362.1082)
OS uptime: 6 days 8:19 hours
HyperV virtualization detected

CPU:total 4 (initial active 4) (4 cores per cpu, 1 threads per core) family 6 model 94 stepping 3, cmov, cx8, fxsr, mmx, sse, sse2, sse3, ssse3, sse4.1, sse4.2, popcnt, avx, avx2, aes, clmul, erms, rtm, 3dnowpref, lzcnt, tsc, tscinvbit, bmi1, bmi2, adx, fma

Memory: 4k page, system-wide physical 8075M (680M free)
TotalPageFile size 12171M (AvailPageFile size 85M)
current process WorkingSet (physical memory assigned to process): 10M, peak: 10M
current process commit charge ("private bytes"): 49M, peak: 177M

vm_info: Java HotSpot(TM) 64-Bit Server VM (14.0.1+7) for windows-amd64 JRE (14.0.1+7), built on Mar  5 2020 10:30:14 by "mach5one" with MS VC++ 15.9 (VS2017)

END.
